<?xml version="1.0" encoding="UTF-8"?>
<!-- Generated by org.testng.reporters.JUnitReportReporter -->
<testsuite hostname="DESKTOP-GCSSIBK" failures="0" tests="2" name="com.test.hybrid.UITest.LoginPageTest" time="16.576" errors="0" timestamp="2022-02-13T13:40:13 IST" skipped="0">
  <testcase classname="com.test.hybrid.UITest.LoginPageTest" name="f1" time="8.576"/>
  <system-out/>
  <testcase classname="com.test.hybrid.UITest.LoginPageTest" name="f2" time="8.000"/>
  <system-out/>
</testsuite> <!-- com.test.hybrid.UITest.LoginPageTest -->
