<?xml version="1.0" encoding="UTF-8"?>
<!-- Generated by org.testng.reporters.JUnitReportReporter -->
<testsuite hostname="DESKTOP-GCSSIBK" failures="0" tests="1" name="NewTest" time="39.882" errors="0" timestamp="2022-02-23T22:45:24 IST" skipped="0">
  <testcase classname="NewTest" name="flipkart" time="39.882"/>
  <system-out/>
</testsuite> <!-- NewTest -->
